<!DOCTYPE html>

<html>
  <head>
  <meta charset='utf-8'>
  <title>TestNG reports</title>

    <link type="text/css" href="testng-reports.css" rel="stylesheet" />
    <script type="text/javascript" src="jquery-1.7.1.min.js"></script>
    <script type="text/javascript" src="testng-reports.js"></script>
    <script type="text/javascript" src="https://www.google.com/jsapi"></script>
    <script type='text/javascript'>
      google.load('visualization', '1', {packages:['table']});
      google.setOnLoadCallback(drawTable);
      var suiteTableInitFunctions = new Array();
      var suiteTableData = new Array();
    </script>
    <!--
      <script type="text/javascript" src="jquery-ui/js/jquery-ui-1.8.16.custom.min.js"></script>
     -->
  </head>

  <body>
    <div class="top-banner-root">
      <span class="top-banner-title-font">Test results</span>
      <br/>
      <span class="top-banner-font-1">1 suite, 2 failed tests</span>
    </div> <!-- top-banner-root -->
    <div class="navigator-root">
      <div class="navigator-suite-header">
        <span>All suites</span>
        <a href="#" title="Collapse/expand all the suites" class="collapse-all-link">
          <img src="collapseall.gif" class="collapse-all-icon">
          </img> <!-- collapse-all-icon -->
        </a> <!-- collapse-all-link -->
      </div> <!-- navigator-suite-header -->
      <div class="suite">
        <div class="rounded-window">
          <div class="suite-header light-rounded-window-top">
            <a href="#" panel-name="suite-Suite" class="navigator-link">
              <span class="suite-name border-failed">Suite</span>
            </a> <!-- navigator-link -->
          </div> <!-- suite-header light-rounded-window-top -->
          <div class="navigator-suite-content">
            <div class="suite-section-title">
              <span>Info</span>
            </div> <!-- suite-section-title -->
            <div class="suite-section-content">
              <ul>
                <li>
                  <a href="#" panel-name="test-xml-Suite" class="navigator-link ">
                    <span>C:\Users\akhilkumar\git\SeleniumDemo\ExitTest\testng.xml</span>
                  </a> <!-- navigator-link  -->
                </li>
                <li>
                  <a href="#" panel-name="testlist-Suite" class="navigator-link ">
                    <span class="test-stats">1 test</span>
                  </a> <!-- navigator-link  -->
                </li>
                <li>
                  <a href="#" panel-name="group-Suite" class="navigator-link ">
                    <span>5 groups</span>
                  </a> <!-- navigator-link  -->
                </li>
                <li>
                  <a href="#" panel-name="times-Suite" class="navigator-link ">
                    <span>Times</span>
                  </a> <!-- navigator-link  -->
                </li>
                <li>
                  <a href="#" panel-name="reporter-Suite" class="navigator-link ">
                    <span>Reporter output</span>
                  </a> <!-- navigator-link  -->
                </li>
                <li>
                  <a href="#" panel-name="ignored-methods-Suite" class="navigator-link ">
                    <span>Ignored methods</span>
                  </a> <!-- navigator-link  -->
                </li>
                <li>
                  <a href="#" panel-name="chronological-Suite" class="navigator-link ">
                    <span>Chronological view</span>
                  </a> <!-- navigator-link  -->
                </li>
              </ul>
            </div> <!-- suite-section-content -->
            <div class="result-section">
              <div class="suite-section-title">
                <span>Results</span>
              </div> <!-- suite-section-title -->
              <div class="suite-section-content">
                <ul>
                  <li>
                    <span class="method-stats">11 methods, 2 failed,   9 passed</span>
                  </li>
                  <li>
                    <span class="method-list-title failed">Failed methods</span>
                    <span class="show-or-hide-methods failed">
                      <a href="#" panel-name="suite-Suite" class="hide-methods failed suite-Suite"> (hide)</a> <!-- hide-methods failed suite-Suite -->
                      <a href="#" panel-name="suite-Suite" class="show-methods failed suite-Suite"> (show)</a> <!-- show-methods failed suite-Suite -->
                    </span>
                    <div class="method-list-content failed suite-Suite">
                      <span>
                        <img src="failed.png" width="3%"/>
                        <a href="#" panel-name="suite-Suite" title="com.SeleniumExitTest.testcases.RegisterTest" class="method navigator-link" hash-for-method="RegisterLogIN">RegisterLogIN</a> <!-- method navigator-link -->
                      </span>
                      <br/>
                      <span>
                        <img src="failed.png" width="3%"/>
                        <a href="#" panel-name="suite-Suite" title="com.SeleniumExitTest.testcases.GrocerrypageTest2" class="method navigator-link" hash-for-method="SearchGrocerry2">SearchGrocerry2</a> <!-- method navigator-link -->
                      </span>
                      <br/>
                    </div> <!-- method-list-content failed suite-Suite -->
                  </li>
                  <li>
                    <span class="method-list-title passed">Passed methods</span>
                    <span class="show-or-hide-methods passed">
                      <a href="#" panel-name="suite-Suite" class="hide-methods passed suite-Suite"> (hide)</a> <!-- hide-methods passed suite-Suite -->
                      <a href="#" panel-name="suite-Suite" class="show-methods passed suite-Suite"> (show)</a> <!-- show-methods passed suite-Suite -->
                    </span>
                    <div class="method-list-content passed suite-Suite">
                      <span>
                        <img src="passed.png" width="3%"/>
                        <a href="#" panel-name="suite-Suite" title="com.SeleniumExitTest.testcases.CareerPageTest" class="method navigator-link" hash-for-method="AvailableCareer">AvailableCareer</a> <!-- method navigator-link -->
                      </span>
                      <br/>
                      <span>
                        <img src="passed.png" width="3%"/>
                        <a href="#" panel-name="suite-Suite" title="com.SeleniumExitTest.testcases.BecomeASellerPageTest" class="method navigator-link" hash-for-method="BecomeASellerPage">BecomeASellerPage</a> <!-- method navigator-link -->
                      </span>
                      <br/>
                      <span>
                        <img src="passed.png" width="3%"/>
                        <a href="#" panel-name="suite-Suite" title="com.SeleniumExitTest.testcases.ContactUsPageTest" class="method navigator-link" hash-for-method="ContactUs">ContactUs</a> <!-- method navigator-link -->
                      </span>
                      <br/>
                      <span>
                        <img src="passed.png" width="3%"/>
                        <a href="#" panel-name="suite-Suite" title="com.SeleniumExitTest.testcases.LogInTest" class="method navigator-link" hash-for-method="InValidLogIN">InValidLogIN</a> <!-- method navigator-link -->
                      </span>
                      <br/>
                      <span>
                        <img src="passed.png" width="3%"/>
                        <a href="#" panel-name="suite-Suite" title="com.SeleniumExitTest.testcases.LogInTest" class="method navigator-link" hash-for-method="InValidLogINWithBlank">InValidLogINWithBlank</a> <!-- method navigator-link -->
                      </span>
                      <br/>
                      <span>
                        <img src="passed.png" width="3%"/>
                        <a href="#" panel-name="suite-Suite" title="com.SeleniumExitTest.testcases.GrocerryPageTest" class="method navigator-link" hash-for-method="SearchGrocerry">SearchGrocerry</a> <!-- method navigator-link -->
                      </span>
                      <br/>
                      <span>
                        <img src="passed.png" width="3%"/>
                        <a href="#" panel-name="suite-Suite" title="com.SeleniumExitTest.testcases.LogInTest" class="method navigator-link" hash-for-method="ValidLogIN">ValidLogIN</a> <!-- method navigator-link -->
                      </span>
                      <br/>
                      <span>
                        <img src="passed.png" width="3%"/>
                        <a href="#" panel-name="suite-Suite" title="com.SeleniumExitTest.testcases.TopOffersTest" class="method navigator-link" hash-for-method="seTopOffers">seTopOffers</a> <!-- method navigator-link -->
                      </span>
                      <br/>
                      <span>
                        <img src="passed.png" width="3%"/>
                        <a href="#" panel-name="suite-Suite" title="com.SeleniumExitTest.testcases.AddToCartTest" class="method navigator-link" hash-for-method="searchProduct">searchProduct</a> <!-- method navigator-link -->
                      </span>
                      <br/>
                    </div> <!-- method-list-content passed suite-Suite -->
                  </li>
                </ul>
              </div> <!-- suite-section-content -->
            </div> <!-- result-section -->
          </div> <!-- navigator-suite-content -->
        </div> <!-- rounded-window -->
      </div> <!-- suite -->
    </div> <!-- navigator-root -->
    <div class="wrapper">
      <div class="main-panel-root">
        <div panel-name="suite-Suite" class="panel Suite">
          <div class="suite-Suite-class-failed">
            <div class="main-panel-header rounded-window-top">
              <img src="failed.png"/>
              <span class="class-name">com.SeleniumExitTest.testcases.RegisterTest</span>
            </div> <!-- main-panel-header rounded-window-top -->
            <div class="main-panel-content rounded-window-bottom">
              <div class="method">
                <div class="method-content">
                  <a name="RegisterLogIN">
                  </a> <!-- RegisterLogIN -->
                  <span class="method-name">RegisterLogIN</span>
                  <div class="stack-trace">org.openqa.selenium.NoSuchElementException: no such element: Unable to locate element: {&quot;method&quot;:&quot;xpath&quot;,&quot;selector&quot;:&quot;//div[@class=&apos;_3wJI0x&apos;]&quot;}
  (Session info: chrome=100.0.4896.127)
For documentation on this error, please visit: https://www.seleniumhq.org/exceptions/no_such_element.html
Build info: version: &apos;3.141.59&apos;, revision: &apos;e82be7d358&apos;, time: &apos;2018-11-14T08:25:48&apos;
System info: host: &apos;IN-6Y2L2J3&apos;, ip: &apos;192.168.1.7&apos;, os.name: &apos;Windows 10&apos;, os.arch: &apos;amd64&apos;, os.version: &apos;10.0&apos;, java.version: &apos;11.0.1&apos;
Driver info: org.openqa.selenium.chrome.ChromeDriver
Capabilities {acceptInsecureCerts: false, browserName: chrome, browserVersion: 100.0.4896.127, chrome: {chromedriverVersion: 100.0.4896.60 (6a5d10861ce8..., userDataDir: C:\Users\AKHILK~1\AppData\L...}, goog:chromeOptions: {debuggerAddress: localhost:55684}, javascriptEnabled: true, networkConnectionEnabled: false, pageLoadStrategy: normal, platform: WINDOWS, platformName: WINDOWS, proxy: Proxy(), setWindowRect: true, strictFileInteractability: false, timeouts: {implicit: 0, pageLoad: 300000, script: 30000}, unhandledPromptBehavior: dismiss and notify, webauthn:extension:credBlob: true, webauthn:extension:largeBlob: true, webauthn:virtualAuthenticators: true}
Session ID: 31d21d96748176c9ed7cff802902a2a8
*** Element info: {Using=xpath, value=//div[@class=&apos;_3wJI0x&apos;]}
	at org.openqa.selenium.remote.http.W3CHttpResponseCodec.createException(W3CHttpResponseCodec.java:187)
	at org.openqa.selenium.remote.http.W3CHttpResponseCodec.decode(W3CHttpResponseCodec.java:122)
	at org.openqa.selenium.remote.http.W3CHttpResponseCodec.decode(W3CHttpResponseCodec.java:49)
	at org.openqa.selenium.remote.HttpCommandExecutor.execute(HttpCommandExecutor.java:158)
	at org.openqa.selenium.remote.service.DriverCommandExecutor.execute(DriverCommandExecutor.java:83)
	at org.openqa.selenium.remote.RemoteWebDriver.execute(RemoteWebDriver.java:552)
	at org.openqa.selenium.remote.RemoteWebDriver.findElement(RemoteWebDriver.java:323)
	at org.openqa.selenium.remote.RemoteWebDriver.findElementByXPath(RemoteWebDriver.java:428)
	at org.openqa.selenium.By$ByXPath.findElement(By.java:353)
	at org.openqa.selenium.remote.RemoteWebDriver.findElement(RemoteWebDriver.java:315)
	at org.openqa.selenium.support.pagefactory.DefaultElementLocator.findElement(DefaultElementLocator.java:69)
	at org.openqa.selenium.support.pagefactory.internal.LocatingElementHandler.invoke(LocatingElementHandler.java:38)
	at com.sun.proxy.$Proxy14.click(Unknown Source)
	at com.SeleniumExitTest.testcases.RegisterTest.RegisterLogIN(RegisterTest.java:17)
... Removed 29 stack frames
</div> <!-- stack-trace -->
                </div> <!-- method-content -->
              </div> <!-- method -->
            </div> <!-- main-panel-content rounded-window-bottom -->
          </div> <!-- suite-Suite-class-failed -->
          <div class="suite-Suite-class-failed">
            <div class="main-panel-header rounded-window-top">
              <img src="failed.png"/>
              <span class="class-name">com.SeleniumExitTest.testcases.GrocerrypageTest2</span>
            </div> <!-- main-panel-header rounded-window-top -->
            <div class="main-panel-content rounded-window-bottom">
              <div class="method">
                <div class="method-content">
                  <a name="SearchGrocerry2">
                  </a> <!-- SearchGrocerry2 -->
                  <span class="method-name">SearchGrocerry2</span>
                  <div class="stack-trace">org.openqa.selenium.ElementClickInterceptedException: element click intercepted: Element &lt;img class=&quot;_396cs4  _3exPp9&quot; alt=&quot;Grocery&quot; src=&quot;https://rukminim2.flixcart.com/flap/128/128/image/29327f40e9c4d26b.png?q=100&quot;&gt; is not clickable at point (187, 100). Other element would receive the click: &lt;div class=&quot;_2hriZF _2rbIyg&quot; tabindex=&quot;-1&quot;&gt;...&lt;/div&gt;
  (Session info: chrome=100.0.4896.127)
Build info: version: &apos;3.141.59&apos;, revision: &apos;e82be7d358&apos;, time: &apos;2018-11-14T08:25:48&apos;
System info: host: &apos;IN-6Y2L2J3&apos;, ip: &apos;192.168.1.7&apos;, os.name: &apos;Windows 10&apos;, os.arch: &apos;amd64&apos;, os.version: &apos;10.0&apos;, java.version: &apos;11.0.1&apos;
Driver info: org.openqa.selenium.chrome.ChromeDriver
Capabilities {acceptInsecureCerts: false, browserName: chrome, browserVersion: 100.0.4896.127, chrome: {chromedriverVersion: 100.0.4896.60 (6a5d10861ce8..., userDataDir: C:\Users\AKHILK~1\AppData\L...}, goog:chromeOptions: {debuggerAddress: localhost:55684}, javascriptEnabled: true, networkConnectionEnabled: false, pageLoadStrategy: normal, platform: WINDOWS, platformName: WINDOWS, proxy: Proxy(), setWindowRect: true, strictFileInteractability: false, timeouts: {implicit: 0, pageLoad: 300000, script: 30000}, unhandledPromptBehavior: dismiss and notify, webauthn:extension:credBlob: true, webauthn:extension:largeBlob: true, webauthn:virtualAuthenticators: true}
Session ID: 31d21d96748176c9ed7cff802902a2a8
	at org.openqa.selenium.remote.http.W3CHttpResponseCodec.createException(W3CHttpResponseCodec.java:187)
	at org.openqa.selenium.remote.http.W3CHttpResponseCodec.decode(W3CHttpResponseCodec.java:122)
	at org.openqa.selenium.remote.http.W3CHttpResponseCodec.decode(W3CHttpResponseCodec.java:49)
	at org.openqa.selenium.remote.HttpCommandExecutor.execute(HttpCommandExecutor.java:158)
	at org.openqa.selenium.remote.service.DriverCommandExecutor.execute(DriverCommandExecutor.java:83)
	at org.openqa.selenium.remote.RemoteWebDriver.execute(RemoteWebDriver.java:552)
	at org.openqa.selenium.remote.RemoteWebElement.execute(RemoteWebElement.java:285)
	at org.openqa.selenium.remote.RemoteWebElement.click(RemoteWebElement.java:84)
	at org.openqa.selenium.support.pagefactory.internal.LocatingElementHandler.invoke(LocatingElementHandler.java:51)
	at com.sun.proxy.$Proxy14.click(Unknown Source)
	at com.SeleniumExitTest.testcases.GrocerrypageTest2.SearchGrocerry2(GrocerrypageTest2.java:16)
... Removed 33 stack frames
</div> <!-- stack-trace -->
                </div> <!-- method-content -->
              </div> <!-- method -->
            </div> <!-- main-panel-content rounded-window-bottom -->
          </div> <!-- suite-Suite-class-failed -->
          <div class="suite-Suite-class-passed">
            <div class="main-panel-header rounded-window-top">
              <img src="passed.png"/>
              <span class="class-name">com.SeleniumExitTest.testcases.AddToCartTest</span>
            </div> <!-- main-panel-header rounded-window-top -->
            <div class="main-panel-content rounded-window-bottom">
              <div class="method">
                <div class="method-content">
                  <a name="searchProduct">
                  </a> <!-- searchProduct -->
                  <span class="method-name">searchProduct</span>
                </div> <!-- method-content -->
              </div> <!-- method -->
            </div> <!-- main-panel-content rounded-window-bottom -->
          </div> <!-- suite-Suite-class-passed -->
          <div class="suite-Suite-class-passed">
            <div class="main-panel-header rounded-window-top">
              <img src="passed.png"/>
              <span class="class-name">com.SeleniumExitTest.testcases.TopOffersTest</span>
            </div> <!-- main-panel-header rounded-window-top -->
            <div class="main-panel-content rounded-window-bottom">
              <div class="method">
                <div class="method-content">
                  <a name="seTopOffers">
                  </a> <!-- seTopOffers -->
                  <span class="method-name">seTopOffers</span>
                </div> <!-- method-content -->
              </div> <!-- method -->
            </div> <!-- main-panel-content rounded-window-bottom -->
          </div> <!-- suite-Suite-class-passed -->
          <div class="suite-Suite-class-passed">
            <div class="main-panel-header rounded-window-top">
              <img src="passed.png"/>
              <span class="class-name">com.SeleniumExitTest.testcases.ContactUsPageTest</span>
            </div> <!-- main-panel-header rounded-window-top -->
            <div class="main-panel-content rounded-window-bottom">
              <div class="method">
                <div class="method-content">
                  <a name="ContactUs">
                  </a> <!-- ContactUs -->
                  <span class="method-name">ContactUs</span>
                </div> <!-- method-content -->
              </div> <!-- method -->
            </div> <!-- main-panel-content rounded-window-bottom -->
          </div> <!-- suite-Suite-class-passed -->
          <div class="suite-Suite-class-passed">
            <div class="main-panel-header rounded-window-top">
              <img src="passed.png"/>
              <span class="class-name">com.SeleniumExitTest.testcases.GrocerryPageTest</span>
            </div> <!-- main-panel-header rounded-window-top -->
            <div class="main-panel-content rounded-window-bottom">
              <div class="method">
                <div class="method-content">
                  <a name="SearchGrocerry">
                  </a> <!-- SearchGrocerry -->
                  <span class="method-name">SearchGrocerry</span>
                </div> <!-- method-content -->
              </div> <!-- method -->
            </div> <!-- main-panel-content rounded-window-bottom -->
          </div> <!-- suite-Suite-class-passed -->
          <div class="suite-Suite-class-passed">
            <div class="main-panel-header rounded-window-top">
              <img src="passed.png"/>
              <span class="class-name">com.SeleniumExitTest.testcases.BecomeASellerPageTest</span>
            </div> <!-- main-panel-header rounded-window-top -->
            <div class="main-panel-content rounded-window-bottom">
              <div class="method">
                <div class="method-content">
                  <a name="BecomeASellerPage">
                  </a> <!-- BecomeASellerPage -->
                  <span class="method-name">BecomeASellerPage</span>
                </div> <!-- method-content -->
              </div> <!-- method -->
            </div> <!-- main-panel-content rounded-window-bottom -->
          </div> <!-- suite-Suite-class-passed -->
          <div class="suite-Suite-class-passed">
            <div class="main-panel-header rounded-window-top">
              <img src="passed.png"/>
              <span class="class-name">com.SeleniumExitTest.testcases.CareerPageTest</span>
            </div> <!-- main-panel-header rounded-window-top -->
            <div class="main-panel-content rounded-window-bottom">
              <div class="method">
                <div class="method-content">
                  <a name="AvailableCareer">
                  </a> <!-- AvailableCareer -->
                  <span class="method-name">AvailableCareer</span>
                </div> <!-- method-content -->
              </div> <!-- method -->
            </div> <!-- main-panel-content rounded-window-bottom -->
          </div> <!-- suite-Suite-class-passed -->
          <div class="suite-Suite-class-passed">
            <div class="main-panel-header rounded-window-top">
              <img src="passed.png"/>
              <span class="class-name">com.SeleniumExitTest.testcases.LogInTest</span>
            </div> <!-- main-panel-header rounded-window-top -->
            <div class="main-panel-content rounded-window-bottom">
              <div class="method">
                <div class="method-content">
                  <a name="InValidLogIN">
                  </a> <!-- InValidLogIN -->
                  <span class="method-name">InValidLogIN</span>
                </div> <!-- method-content -->
              </div> <!-- method -->
              <div class="method">
                <div class="method-content">
                  <a name="InValidLogINWithBlank">
                  </a> <!-- InValidLogINWithBlank -->
                  <span class="method-name">InValidLogINWithBlank</span>
                </div> <!-- method-content -->
              </div> <!-- method -->
              <div class="method">
                <div class="method-content">
                  <a name="ValidLogIN">
                  </a> <!-- ValidLogIN -->
                  <span class="method-name">ValidLogIN</span>
                </div> <!-- method-content -->
              </div> <!-- method -->
            </div> <!-- main-panel-content rounded-window-bottom -->
          </div> <!-- suite-Suite-class-passed -->
        </div> <!-- panel Suite -->
        <div panel-name="test-xml-Suite" class="panel">
          <div class="main-panel-header rounded-window-top">
            <span class="header-content">C:\Users\akhilkumar\git\SeleniumDemo\ExitTest\testng.xml</span>
          </div> <!-- main-panel-header rounded-window-top -->
          <div class="main-panel-content rounded-window-bottom">
            <pre>
&lt;?xml version=&quot;1.0&quot; encoding=&quot;UTF-8&quot;?&gt;
&lt;!DOCTYPE suite SYSTEM &quot;http://testng.org/testng-1.0.dtd&quot;&gt;
&lt;suite name=&quot;Suite&quot; guice-stage=&quot;DEVELOPMENT&quot;&gt;
  &lt;test thread-count=&quot;5&quot; name=&quot;Test&quot;&gt;
    &lt;classes&gt;
      &lt;class name=&quot;com.SeleniumExitTest.testcases.RegisterTest&quot;/&gt;
      &lt;class name=&quot;com.SeleniumExitTest.testcases.LogInTest&quot;/&gt;
      &lt;class name=&quot;com.SeleniumExitTest.testcases.TopOffersTest&quot;/&gt;
      &lt;class name=&quot;com.SeleniumExitTest.testcases.AddToCartTest&quot;/&gt;
      &lt;class name=&quot;com.SeleniumExitTest.testcases.BecomeASellerPageTest&quot;/&gt;
      &lt;class name=&quot;com.SeleniumExitTest.testcases.CareerPageTest&quot;/&gt;
      &lt;class name=&quot;com.SeleniumExitTest.testcases.GrocerryPageTest&quot;/&gt;
      &lt;class name=&quot;com.SeleniumExitTest.testcases.GrocerrypageTest2&quot;/&gt;
      &lt;class name=&quot;com.SeleniumExitTest.testcases.ContactUsPageTest&quot;/&gt;
    &lt;/classes&gt;
  &lt;/test&gt; &lt;!-- Test --&gt;
&lt;/suite&gt; &lt;!-- Suite --&gt;
            </pre>
          </div> <!-- main-panel-content rounded-window-bottom -->
        </div> <!-- panel -->
        <div panel-name="testlist-Suite" class="panel">
          <div class="main-panel-header rounded-window-top">
            <span class="header-content">Tests for Suite</span>
          </div> <!-- main-panel-header rounded-window-top -->
          <div class="main-panel-content rounded-window-bottom">
            <ul>
              <li>
                <span class="test-name">Test (9 classes)</span>
              </li>
            </ul>
          </div> <!-- main-panel-content rounded-window-bottom -->
        </div> <!-- panel -->
        <div panel-name="group-Suite" class="panel">
          <div class="main-panel-header rounded-window-top">
            <span class="header-content">Groups for Suite</span>
          </div> <!-- main-panel-header rounded-window-top -->
          <div class="main-panel-content rounded-window-bottom">
            <div class="test-group">
              <span class="test-group-name">exclude</span>
              <br/>
              <div class="method-in-group">
                <span class="method-in-group-name">InValidLogIN</span>
                <br/>
              </div> <!-- method-in-group -->
            </div> <!-- test-group -->
            <div class="test-group">
              <span class="test-group-name">include</span>
              <br/>
              <div class="method-in-group">
                <span class="method-in-group-name">AvailableCareer</span>
                <br/>
              </div> <!-- method-in-group -->
              <div class="method-in-group">
                <span class="method-in-group-name">BecomeASellerPage</span>
                <br/>
              </div> <!-- method-in-group -->
              <div class="method-in-group">
                <span class="method-in-group-name">ContactUs</span>
                <br/>
              </div> <!-- method-in-group -->
              <div class="method-in-group">
                <span class="method-in-group-name">RegisterLogIN</span>
                <br/>
              </div> <!-- method-in-group -->
              <div class="method-in-group">
                <span class="method-in-group-name">SearchGrocerry</span>
                <br/>
              </div> <!-- method-in-group -->
              <div class="method-in-group">
                <span class="method-in-group-name">SearchGrocerry2</span>
                <br/>
              </div> <!-- method-in-group -->
              <div class="method-in-group">
                <span class="method-in-group-name">ValidLogIN</span>
                <br/>
              </div> <!-- method-in-group -->
              <div class="method-in-group">
                <span class="method-in-group-name">seTopOffers</span>
                <br/>
              </div> <!-- method-in-group -->
              <div class="method-in-group">
                <span class="method-in-group-name">searchProduct</span>
                <br/>
              </div> <!-- method-in-group -->
            </div> <!-- test-group -->
            <div class="test-group">
              <span class="test-group-name">invalid</span>
              <br/>
              <div class="method-in-group">
                <span class="method-in-group-name">AvailableCareer</span>
                <br/>
              </div> <!-- method-in-group -->
              <div class="method-in-group">
                <span class="method-in-group-name">BecomeASellerPage</span>
                <br/>
              </div> <!-- method-in-group -->
              <div class="method-in-group">
                <span class="method-in-group-name">ContactUs</span>
                <br/>
              </div> <!-- method-in-group -->
              <div class="method-in-group">
                <span class="method-in-group-name">InValidLogIN</span>
                <br/>
              </div> <!-- method-in-group -->
              <div class="method-in-group">
                <span class="method-in-group-name">RegisterLogIN</span>
                <br/>
              </div> <!-- method-in-group -->
              <div class="method-in-group">
                <span class="method-in-group-name">SearchGrocerry</span>
                <br/>
              </div> <!-- method-in-group -->
              <div class="method-in-group">
                <span class="method-in-group-name">SearchGrocerry2</span>
                <br/>
              </div> <!-- method-in-group -->
              <div class="method-in-group">
                <span class="method-in-group-name">ValidLogIN</span>
                <br/>
              </div> <!-- method-in-group -->
              <div class="method-in-group">
                <span class="method-in-group-name">seTopOffers</span>
                <br/>
              </div> <!-- method-in-group -->
              <div class="method-in-group">
                <span class="method-in-group-name">searchProduct</span>
                <br/>
              </div> <!-- method-in-group -->
            </div> <!-- test-group -->
            <div class="test-group">
              <span class="test-group-name">test</span>
              <br/>
              <div class="method-in-group">
                <span class="method-in-group-name">AvailableCareer</span>
                <br/>
              </div> <!-- method-in-group -->
              <div class="method-in-group">
                <span class="method-in-group-name">BecomeASellerPage</span>
                <br/>
              </div> <!-- method-in-group -->
              <div class="method-in-group">
                <span class="method-in-group-name">ContactUs</span>
                <br/>
              </div> <!-- method-in-group -->
              <div class="method-in-group">
                <span class="method-in-group-name">InValidLogIN</span>
                <br/>
              </div> <!-- method-in-group -->
              <div class="method-in-group">
                <span class="method-in-group-name">RegisterLogIN</span>
                <br/>
              </div> <!-- method-in-group -->
              <div class="method-in-group">
                <span class="method-in-group-name">SearchGrocerry</span>
                <br/>
              </div> <!-- method-in-group -->
              <div class="method-in-group">
                <span class="method-in-group-name">SearchGrocerry2</span>
                <br/>
              </div> <!-- method-in-group -->
              <div class="method-in-group">
                <span class="method-in-group-name">ValidLogIN</span>
                <br/>
              </div> <!-- method-in-group -->
              <div class="method-in-group">
                <span class="method-in-group-name">seTopOffers</span>
                <br/>
              </div> <!-- method-in-group -->
              <div class="method-in-group">
                <span class="method-in-group-name">searchProduct</span>
                <br/>
              </div> <!-- method-in-group -->
            </div> <!-- test-group -->
            <div class="test-group">
              <span class="test-group-name">valid</span>
              <br/>
              <div class="method-in-group">
                <span class="method-in-group-name">AvailableCareer</span>
                <br/>
              </div> <!-- method-in-group -->
              <div class="method-in-group">
                <span class="method-in-group-name">BecomeASellerPage</span>
                <br/>
              </div> <!-- method-in-group -->
              <div class="method-in-group">
                <span class="method-in-group-name">ContactUs</span>
                <br/>
              </div> <!-- method-in-group -->
              <div class="method-in-group">
                <span class="method-in-group-name">InValidLogIN</span>
                <br/>
              </div> <!-- method-in-group -->
              <div class="method-in-group">
                <span class="method-in-group-name">RegisterLogIN</span>
                <br/>
              </div> <!-- method-in-group -->
              <div class="method-in-group">
                <span class="method-in-group-name">SearchGrocerry</span>
                <br/>
              </div> <!-- method-in-group -->
              <div class="method-in-group">
                <span class="method-in-group-name">SearchGrocerry2</span>
                <br/>
              </div> <!-- method-in-group -->
              <div class="method-in-group">
                <span class="method-in-group-name">ValidLogIN</span>
                <br/>
              </div> <!-- method-in-group -->
              <div class="method-in-group">
                <span class="method-in-group-name">seTopOffers</span>
                <br/>
              </div> <!-- method-in-group -->
              <div class="method-in-group">
                <span class="method-in-group-name">searchProduct</span>
                <br/>
              </div> <!-- method-in-group -->
            </div> <!-- test-group -->
          </div> <!-- main-panel-content rounded-window-bottom -->
        </div> <!-- panel -->
        <div panel-name="times-Suite" class="panel">
          <div class="main-panel-header rounded-window-top">
            <span class="header-content">Times for Suite</span>
          </div> <!-- main-panel-header rounded-window-top -->
          <div class="main-panel-content rounded-window-bottom">
            <div class="times-div">
              <script type="text/javascript">
suiteTableInitFunctions.push('tableData_Suite');
function tableData_Suite() {
var data = new google.visualization.DataTable();
data.addColumn('number', 'Number');
data.addColumn('string', 'Method');
data.addColumn('string', 'Class');
data.addColumn('number', 'Time (ms)');
data.addRows(11);
data.setCell(0, 0, 0)
data.setCell(0, 1, 'RegisterLogIN')
data.setCell(0, 2, 'com.SeleniumExitTest.testcases.RegisterTest')
data.setCell(0, 3, 10123);
data.setCell(1, 0, 1)
data.setCell(1, 1, 'BecomeASellerPage')
data.setCell(1, 2, 'com.SeleniumExitTest.testcases.BecomeASellerPageTest')
data.setCell(1, 3, 7485);
data.setCell(2, 0, 2)
data.setCell(2, 1, 'AvailableCareer')
data.setCell(2, 2, 'com.SeleniumExitTest.testcases.CareerPageTest')
data.setCell(2, 3, 5407);
data.setCell(3, 0, 3)
data.setCell(3, 1, 'searchProduct')
data.setCell(3, 2, 'com.SeleniumExitTest.testcases.AddToCartTest')
data.setCell(3, 3, 2862);
data.setCell(4, 0, 4)
data.setCell(4, 1, 'SearchGrocerry')
data.setCell(4, 2, 'com.SeleniumExitTest.testcases.GrocerryPageTest')
data.setCell(4, 3, 1573);
data.setCell(5, 0, 5)
data.setCell(5, 1, 'seTopOffers')
data.setCell(5, 2, 'com.SeleniumExitTest.testcases.TopOffersTest')
data.setCell(5, 3, 1259);
data.setCell(6, 0, 6)
data.setCell(6, 1, 'SearchGrocerry2')
data.setCell(6, 2, 'com.SeleniumExitTest.testcases.GrocerrypageTest2')
data.setCell(6, 3, 1168);
data.setCell(7, 0, 7)
data.setCell(7, 1, 'ContactUs')
data.setCell(7, 2, 'com.SeleniumExitTest.testcases.ContactUsPageTest')
data.setCell(7, 3, 1029);
data.setCell(8, 0, 8)
data.setCell(8, 1, 'InValidLogIN')
data.setCell(8, 2, 'com.SeleniumExitTest.testcases.LogInTest')
data.setCell(8, 3, 349);
data.setCell(9, 0, 9)
data.setCell(9, 1, 'ValidLogIN')
data.setCell(9, 2, 'com.SeleniumExitTest.testcases.LogInTest')
data.setCell(9, 3, 310);
data.setCell(10, 0, 10)
data.setCell(10, 1, 'InValidLogINWithBlank')
data.setCell(10, 2, 'com.SeleniumExitTest.testcases.LogInTest')
data.setCell(10, 3, 303);
window.suiteTableData['Suite']= { tableData: data, tableDiv: 'times-div-Suite'}
return data;
}
              </script>
              <span class="suite-total-time">Total running time: 31 seconds</span>
              <div id="times-div-Suite">
              </div> <!-- times-div-Suite -->
            </div> <!-- times-div -->
          </div> <!-- main-panel-content rounded-window-bottom -->
        </div> <!-- panel -->
        <div panel-name="reporter-Suite" class="panel">
          <div class="main-panel-header rounded-window-top">
            <span class="header-content">Reporter output for Suite</span>
          </div> <!-- main-panel-header rounded-window-top -->
          <div class="main-panel-content rounded-window-bottom">
          </div> <!-- main-panel-content rounded-window-bottom -->
        </div> <!-- panel -->
        <div panel-name="ignored-methods-Suite" class="panel">
          <div class="main-panel-header rounded-window-top">
            <span class="header-content">32 ignored methods</span>
          </div> <!-- main-panel-header rounded-window-top -->
          <div class="main-panel-content rounded-window-bottom">
            <div class="ignored-class-div">
              <span class="ignored-class-name">com.SeleniumExitTest.testcases.AddToCartTest</span>
              <div class="ignored-methods-div">
                <span class="ignored-method-name">closeBrowser</span>
                <br/>
                <span class="ignored-method-name">setExtent</span>
                <br/>
                <span class="ignored-method-name">endReport</span>
                <br/>
                <span class="ignored-method-name">initializeWebdriver</span>
                <br/>
              </div> <!-- ignored-methods-div -->
            </div> <!-- ignored-class-div -->
            <div class="ignored-class-div">
              <span class="ignored-class-name">com.SeleniumExitTest.testcases.TopOffersTest</span>
              <div class="ignored-methods-div">
                <span class="ignored-method-name">closeBrowser</span>
                <br/>
                <span class="ignored-method-name">setExtent</span>
                <br/>
                <span class="ignored-method-name">endReport</span>
                <br/>
                <span class="ignored-method-name">initializeWebdriver</span>
                <br/>
              </div> <!-- ignored-methods-div -->
            </div> <!-- ignored-class-div -->
            <div class="ignored-class-div">
              <span class="ignored-class-name">com.SeleniumExitTest.testcases.ContactUsPageTest</span>
              <div class="ignored-methods-div">
                <span class="ignored-method-name">closeBrowser</span>
                <br/>
                <span class="ignored-method-name">setExtent</span>
                <br/>
                <span class="ignored-method-name">endReport</span>
                <br/>
                <span class="ignored-method-name">initializeWebdriver</span>
                <br/>
              </div> <!-- ignored-methods-div -->
            </div> <!-- ignored-class-div -->
            <div class="ignored-class-div">
              <span class="ignored-class-name">com.SeleniumExitTest.testcases.GrocerryPageTest</span>
              <div class="ignored-methods-div">
                <span class="ignored-method-name">closeBrowser</span>
                <br/>
                <span class="ignored-method-name">setExtent</span>
                <br/>
                <span class="ignored-method-name">endReport</span>
                <br/>
                <span class="ignored-method-name">initializeWebdriver</span>
                <br/>
              </div> <!-- ignored-methods-div -->
            </div> <!-- ignored-class-div -->
            <div class="ignored-class-div">
              <span class="ignored-class-name">com.SeleniumExitTest.testcases.BecomeASellerPageTest</span>
              <div class="ignored-methods-div">
                <span class="ignored-method-name">closeBrowser</span>
                <br/>
                <span class="ignored-method-name">setExtent</span>
                <br/>
                <span class="ignored-method-name">endReport</span>
                <br/>
                <span class="ignored-method-name">initializeWebdriver</span>
                <br/>
              </div> <!-- ignored-methods-div -->
            </div> <!-- ignored-class-div -->
            <div class="ignored-class-div">
              <span class="ignored-class-name">com.SeleniumExitTest.testcases.LogInTest</span>
              <div class="ignored-methods-div">
                <span class="ignored-method-name">closeBrowser</span>
                <br/>
                <span class="ignored-method-name">setExtent</span>
                <br/>
                <span class="ignored-method-name">endReport</span>
                <br/>
                <span class="ignored-method-name">initializeWebdriver</span>
                <br/>
              </div> <!-- ignored-methods-div -->
            </div> <!-- ignored-class-div -->
            <div class="ignored-class-div">
              <span class="ignored-class-name">com.SeleniumExitTest.testcases.CareerPageTest</span>
              <div class="ignored-methods-div">
                <span class="ignored-method-name">closeBrowser</span>
                <br/>
                <span class="ignored-method-name">setExtent</span>
                <br/>
                <span class="ignored-method-name">endReport</span>
                <br/>
                <span class="ignored-method-name">initializeWebdriver</span>
                <br/>
              </div> <!-- ignored-methods-div -->
            </div> <!-- ignored-class-div -->
            <div class="ignored-class-div">
              <span class="ignored-class-name">com.SeleniumExitTest.testcases.GrocerrypageTest2</span>
              <div class="ignored-methods-div">
                <span class="ignored-method-name">closeBrowser</span>
                <br/>
                <span class="ignored-method-name">setExtent</span>
                <br/>
                <span class="ignored-method-name">endReport</span>
                <br/>
                <span class="ignored-method-name">initializeWebdriver</span>
                <br/>
              </div> <!-- ignored-methods-div -->
            </div> <!-- ignored-class-div -->
          </div> <!-- main-panel-content rounded-window-bottom -->
        </div> <!-- panel -->
        <div panel-name="chronological-Suite" class="panel">
          <div class="main-panel-header rounded-window-top">
            <span class="header-content">Methods in chronological order</span>
          </div> <!-- main-panel-header rounded-window-top -->
          <div class="main-panel-content rounded-window-bottom">
            <div class="chronological-class">
              <div class="chronological-class-name">com.SeleniumExitTest.testcases.RegisterTest</div> <!-- chronological-class-name -->
              <div class="configuration-suite before">
                <span class="method-name">initializeWebdriver</span>
                <span class="method-start">0 ms</span>
              </div> <!-- configuration-suite before -->
              <div class="configuration-suite before">
                <span class="method-name">setExtent</span>
                <span class="method-start">1771 ms</span>
              </div> <!-- configuration-suite before -->
              <div class="configuration-method before">
                <span class="method-name">openBrowser</span>
                <span class="method-start">1954 ms</span>
              </div> <!-- configuration-method before -->
              <div class="configuration-method before">
                <span class="method-name">startTest(public void com.SeleniumExitTest.testcases.RegisterTest.RegisterLogIN() throws java.lang.Interrupted...)</span>
                <span class="method-start">5262 ms</span>
              </div> <!-- configuration-method before -->
              <div class="test-method">
                <img src="failed.png">
                </img>
                <span class="method-name">RegisterLogIN</span>
                <span class="method-start">5269 ms</span>
              </div> <!-- test-method -->
              <div class="configuration-method after">
                <span class="method-name">attachscreenshot([TestResult name=RegisterLogIN status=FAILURE method=RegisterTest.RegisterLogIN()[pri:0, instance:co...)</span>
                <span class="method-start">15398 ms</span>
              </div> <!-- configuration-method after -->
              <div class="configuration-method after">
                <span class="method-name">endTest</span>
                <span class="method-start">15678 ms</span>
              </div> <!-- configuration-method after -->
            </div> <!-- chronological-class -->
            <div class="chronological-class">
              <div class="chronological-class-name">com.SeleniumExitTest.testcases.GrocerrypageTest2</div> <!-- chronological-class-name -->
              <div class="configuration-method before">
                <span class="method-name">openBrowser</span>
                <span class="method-start">15683 ms</span>
              </div> <!-- configuration-method before -->
              <div class="configuration-method before">
                <span class="method-name">startTest(public void com.SeleniumExitTest.testcases.GrocerrypageTest2.SearchGrocerry2())</span>
                <span class="method-start">17293 ms</span>
              </div> <!-- configuration-method before -->
              <div class="test-method">
                <img src="failed.png">
                </img>
                <span class="method-name">SearchGrocerry2</span>
                <span class="method-start">17293 ms</span>
              </div> <!-- test-method -->
              <div class="configuration-method after">
                <span class="method-name">attachscreenshot([TestResult name=SearchGrocerry2 status=FAILURE method=GrocerrypageTest2.SearchGrocerry2()[pri:0, in...)</span>
                <span class="method-start">18465 ms</span>
              </div> <!-- configuration-method after -->
              <div class="configuration-method after">
                <span class="method-name">endTest</span>
                <span class="method-start">18755 ms</span>
              </div> <!-- configuration-method after -->
            </div> <!-- chronological-class -->
            <div class="chronological-class">
              <div class="chronological-class-name">com.SeleniumExitTest.testcases.LogInTest</div> <!-- chronological-class-name -->
              <div class="configuration-method before">
                <span class="method-name">openBrowser</span>
                <span class="method-start">18757 ms</span>
              </div> <!-- configuration-method before -->
              <div class="configuration-method before">
                <span class="method-name">startTest(public void com.SeleniumExitTest.testcases.LogInTest.InValidLogIN())</span>
                <span class="method-start">19737 ms</span>
              </div> <!-- configuration-method before -->
              <div class="test-method">
                <span class="method-name">InValidLogIN</span>
                <span class="method-start">19738 ms</span>
              </div> <!-- test-method -->
              <div class="configuration-method after">
                <span class="method-name">attachscreenshot([TestResult name=InValidLogIN status=SUCCESS method=LogInTest.InValidLogIN()[pri:0, instance:com.Sel...)</span>
                <span class="method-start">20089 ms</span>
              </div> <!-- configuration-method after -->
              <div class="configuration-method after">
                <span class="method-name">endTest</span>
                <span class="method-start">20090 ms</span>
              </div> <!-- configuration-method after -->
              <div class="configuration-method before">
                <span class="method-name">openBrowser</span>
                <span class="method-start">20090 ms</span>
              </div> <!-- configuration-method before -->
              <div class="configuration-method before">
                <span class="method-name">startTest(public void com.SeleniumExitTest.testcases.LogInTest.InValidLogINWithBlank())</span>
                <span class="method-start">21180 ms</span>
              </div> <!-- configuration-method before -->
              <div class="test-method">
                <span class="method-name">InValidLogINWithBlank</span>
                <span class="method-start">21181 ms</span>
              </div> <!-- test-method -->
              <div class="configuration-method after">
                <span class="method-name">attachscreenshot([TestResult name=InValidLogINWithBlank status=SUCCESS method=LogInTest.InValidLogINWithBlank()[pri:0...)</span>
                <span class="method-start">21486 ms</span>
              </div> <!-- configuration-method after -->
              <div class="configuration-method after">
                <span class="method-name">endTest</span>
                <span class="method-start">21486 ms</span>
              </div> <!-- configuration-method after -->
              <div class="configuration-method before">
                <span class="method-name">openBrowser</span>
                <span class="method-start">21487 ms</span>
              </div> <!-- configuration-method before -->
              <div class="configuration-method before">
                <span class="method-name">startTest(public void com.SeleniumExitTest.testcases.LogInTest.ValidLogIN())</span>
                <span class="method-start">22713 ms</span>
              </div> <!-- configuration-method before -->
              <div class="test-method">
                <span class="method-name">ValidLogIN</span>
                <span class="method-start">22714 ms</span>
              </div> <!-- test-method -->
              <div class="configuration-method after">
                <span class="method-name">attachscreenshot([TestResult name=ValidLogIN status=SUCCESS method=LogInTest.ValidLogIN()[pri:0, instance:com.Seleniu...)</span>
                <span class="method-start">23025 ms</span>
              </div> <!-- configuration-method after -->
              <div class="configuration-method after">
                <span class="method-name">endTest</span>
                <span class="method-start">23025 ms</span>
              </div> <!-- configuration-method after -->
            </div> <!-- chronological-class -->
            <div class="chronological-class">
              <div class="chronological-class-name">com.SeleniumExitTest.testcases.ContactUsPageTest</div> <!-- chronological-class-name -->
              <div class="configuration-method before">
                <span class="method-name">openBrowser</span>
                <span class="method-start">23026 ms</span>
              </div> <!-- configuration-method before -->
              <div class="configuration-method before">
                <span class="method-name">startTest(public void com.SeleniumExitTest.testcases.ContactUsPageTest.ContactUs())</span>
                <span class="method-start">24675 ms</span>
              </div> <!-- configuration-method before -->
              <div class="test-method">
                <span class="method-name">ContactUs</span>
                <span class="method-start">24676 ms</span>
              </div> <!-- test-method -->
              <div class="configuration-method after">
                <span class="method-name">attachscreenshot([TestResult name=ContactUs status=SUCCESS method=ContactUsPageTest.ContactUs()[pri:0, instance:com.S...)</span>
                <span class="method-start">25707 ms</span>
              </div> <!-- configuration-method after -->
              <div class="configuration-method after">
                <span class="method-name">endTest</span>
                <span class="method-start">25707 ms</span>
              </div> <!-- configuration-method after -->
            </div> <!-- chronological-class -->
            <div class="chronological-class">
              <div class="chronological-class-name">com.SeleniumExitTest.testcases.TopOffersTest</div> <!-- chronological-class-name -->
              <div class="configuration-method before">
                <span class="method-name">openBrowser</span>
                <span class="method-start">25708 ms</span>
              </div> <!-- configuration-method before -->
              <div class="configuration-method before">
                <span class="method-name">startTest(public void com.SeleniumExitTest.testcases.TopOffersTest.seTopOffers())</span>
                <span class="method-start">27180 ms</span>
              </div> <!-- configuration-method before -->
              <div class="test-method">
                <span class="method-name">seTopOffers</span>
                <span class="method-start">27180 ms</span>
              </div> <!-- test-method -->
              <div class="configuration-method after">
                <span class="method-name">attachscreenshot([TestResult name=seTopOffers status=SUCCESS method=TopOffersTest.seTopOffers()[pri:0, instance:com.S...)</span>
                <span class="method-start">28440 ms</span>
              </div> <!-- configuration-method after -->
              <div class="configuration-method after">
                <span class="method-name">endTest</span>
                <span class="method-start">28440 ms</span>
              </div> <!-- configuration-method after -->
            </div> <!-- chronological-class -->
            <div class="chronological-class">
              <div class="chronological-class-name">com.SeleniumExitTest.testcases.AddToCartTest</div> <!-- chronological-class-name -->
              <div class="configuration-method before">
                <span class="method-name">openBrowser</span>
                <span class="method-start">28441 ms</span>
              </div> <!-- configuration-method before -->
              <div class="configuration-method before">
                <span class="method-name">startTest(public void com.SeleniumExitTest.testcases.AddToCartTest.searchProduct())</span>
                <span class="method-start">30351 ms</span>
              </div> <!-- configuration-method before -->
              <div class="test-method">
                <span class="method-name">searchProduct</span>
                <span class="method-start">30351 ms</span>
              </div> <!-- test-method -->
              <div class="configuration-method after">
                <span class="method-name">attachscreenshot([TestResult name=searchProduct status=SUCCESS method=AddToCartTest.searchProduct()[pri:0, instance:c...)</span>
                <span class="method-start">33215 ms</span>
              </div> <!-- configuration-method after -->
              <div class="configuration-method after">
                <span class="method-name">endTest</span>
                <span class="method-start">33215 ms</span>
              </div> <!-- configuration-method after -->
            </div> <!-- chronological-class -->
            <div class="chronological-class">
              <div class="chronological-class-name">com.SeleniumExitTest.testcases.BecomeASellerPageTest</div> <!-- chronological-class-name -->
              <div class="configuration-method before">
                <span class="method-name">openBrowser</span>
                <span class="method-start">33216 ms</span>
              </div> <!-- configuration-method before -->
              <div class="configuration-method before">
                <span class="method-name">startTest(public void com.SeleniumExitTest.testcases.BecomeASellerPageTest.BecomeASellerPage())</span>
                <span class="method-start">34683 ms</span>
              </div> <!-- configuration-method before -->
              <div class="test-method">
                <span class="method-name">BecomeASellerPage</span>
                <span class="method-start">34683 ms</span>
              </div> <!-- test-method -->
              <div class="configuration-method after">
                <span class="method-name">attachscreenshot([TestResult name=BecomeASellerPage status=SUCCESS method=BecomeASellerPageTest.BecomeASellerPage()[p...)</span>
                <span class="method-start">42170 ms</span>
              </div> <!-- configuration-method after -->
              <div class="configuration-method after">
                <span class="method-name">endTest</span>
                <span class="method-start">42170 ms</span>
              </div> <!-- configuration-method after -->
            </div> <!-- chronological-class -->
            <div class="chronological-class">
              <div class="chronological-class-name">com.SeleniumExitTest.testcases.CareerPageTest</div> <!-- chronological-class-name -->
              <div class="configuration-method before">
                <span class="method-name">openBrowser</span>
                <span class="method-start">42171 ms</span>
              </div> <!-- configuration-method before -->
              <div class="configuration-method before">
                <span class="method-name">startTest(public void com.SeleniumExitTest.testcases.CareerPageTest.AvailableCareer() throws java.lang.Interru...)</span>
                <span class="method-start">43280 ms</span>
              </div> <!-- configuration-method before -->
              <div class="test-method">
                <span class="method-name">AvailableCareer</span>
                <span class="method-start">43281 ms</span>
              </div> <!-- test-method -->
              <div class="configuration-method after">
                <span class="method-name">attachscreenshot([TestResult name=AvailableCareer status=SUCCESS method=CareerPageTest.AvailableCareer()[pri:0, insta...)</span>
                <span class="method-start">48689 ms</span>
              </div> <!-- configuration-method after -->
              <div class="configuration-method after">
                <span class="method-name">endTest</span>
                <span class="method-start">48690 ms</span>
              </div> <!-- configuration-method after -->
            </div> <!-- chronological-class -->
            <div class="chronological-class">
              <div class="chronological-class-name">com.SeleniumExitTest.testcases.GrocerryPageTest</div> <!-- chronological-class-name -->
              <div class="configuration-method before">
                <span class="method-name">openBrowser</span>
                <span class="method-start">48690 ms</span>
              </div> <!-- configuration-method before -->
              <div class="configuration-method before">
                <span class="method-name">startTest(public void com.SeleniumExitTest.testcases.GrocerryPageTest.SearchGrocerry())</span>
                <span class="method-start">50198 ms</span>
              </div> <!-- configuration-method before -->
              <div class="test-method">
                <span class="method-name">SearchGrocerry</span>
                <span class="method-start">50199 ms</span>
              </div> <!-- test-method -->
              <div class="configuration-method after">
                <span class="method-name">attachscreenshot([TestResult name=SearchGrocerry status=SUCCESS method=GrocerryPageTest.SearchGrocerry()[pri:2, insta...)</span>
                <span class="method-start">51773 ms</span>
              </div> <!-- configuration-method after -->
              <div class="configuration-method after">
                <span class="method-name">endTest</span>
                <span class="method-start">51773 ms</span>
              </div> <!-- configuration-method after -->
            </div> <!-- chronological-class -->
            <div class="chronological-class">
              <div class="chronological-class-name">com.SeleniumExitTest.testcases.RegisterTest</div> <!-- chronological-class-name -->
              <div class="configuration-suite after">
                <span class="method-name">closeBrowser</span>
                <span class="method-start">51841 ms</span>
              </div> <!-- configuration-suite after -->
              <div class="configuration-suite after">
                <span class="method-name">endReport</span>
                <span class="method-start">52547 ms</span>
              </div> <!-- configuration-suite after -->
          </div> <!-- main-panel-content rounded-window-bottom -->
        </div> <!-- panel -->
      </div> <!-- main-panel-root -->
    </div> <!-- wrapper -->
  </body>
</html>
